<?xml version="1.0" encoding="UTF-8"?>
<!-- Generated by org.testng.reporters.JUnitXMLReporter -->
<testsuite ignored="0" hostname="Lenovo-G500" failures="0" tests="3" name="Default test" time="0.341" errors="0" timestamp="2021-09-21T12:51:37 IST">
  <testcase classname="programs.java.Priority" name="test2" time="0.029"/>
  <testcase classname="programs.java.Priority" name="test1" time="0.009"/>
  <testcase classname="programs.java.Priority" name="test3" time="0.014"/>
</testsuite> <!-- Default test -->
