<?xml version="1.0" encoding="UTF-8"?>
<!-- Generated by org.testng.reporters.JUnitXMLReporter -->
<testsuite ignored="2" hostname="Lenovo-G500" failures="0" tests="6" name="TestRunner-Opera" time="420.703" errors="0" timestamp="2021-08-25T10:37:45 IST">
  <testcase classname="com.vtiger.com_opptest.copy.CreateOpportunity" name="CreateOpportunity_tc_07_Test" time="60.452"/>
  <testcase classname="com.vtiger.com_opptest.copy.CreateOpportunity" name="CreateOpportunity_tc_08_Test" time="55.178"/>
  <testcase classname="com.vtiger.com_opptest.copy.CreateOpportunity" name="CreateOpportunity_tc_09_Test" time="51.723"/>
  <testcase classname="com.vtiger.com_opptest.CreateOpportunity" name="CreateOpportunity_tc_07_Test" time="52.232"/>
  <testcase classname="com.vtiger.com_opptest.CreateOpportunity" name="CreateOpportunity_tc_08_Test" time="56.017"/>
  <testcase classname="com.vtiger.com_opptest.CreateOpportunity" name="CreateOpportunity_tc_09_Test" time="50.16"/>
  <testcase classname="com.vtiger.com_generic_utility.BaseClass" name="@BeforeSuite beforeSuite" time="0.0">
    <ignored/>
  </testcase> <!-- @BeforeSuite beforeSuite -->
  <testcase classname="com.vtiger.com_generic_utility.BaseClass" name="@AfterSuite afterSuite" time="0.0">
    <ignored/>
  </testcase> <!-- @AfterSuite afterSuite -->
</testsuite> <!-- TestRunner-Opera -->
