<?xml version="1.0" encoding="UTF-8"?>
<!-- Generated by org.testng.reporters.JUnitXMLReporter -->
<testsuite ignored="0" hostname="Lenovo-G500" failures="0" tests="3" name="TestRunner-1" time="172.758" errors="0" timestamp="2021-08-26T12:50:54 IST">
  <testcase classname="com.vtiger.com_opptest.copy.CreateOpportunity" name="CreateOpportunity_tc_07_Test" time="44.366"/>
  <testcase classname="com.vtiger.com_opptest.copy.CreateOpportunity" name="CreateOpportunity_tc_08_Test" time="41.186"/>
  <testcase classname="com.vtiger.com_opptest.copy.CreateOpportunity" name="CreateOpportunity_tc_09_Test" time="41.111"/>
</testsuite> <!-- TestRunner-1 -->
