<?xml version="1.0" encoding="UTF-8"?>
<!-- Generated by org.testng.reporters.JUnitXMLReporter -->
<testsuite ignored="0" hostname="Lenovo-G500" failures="0" tests="3" name="TestRunner-2" time="176.241" errors="0" timestamp="2021-08-26T12:50:58 IST">
  <testcase classname="com.vtiger.com_opptest.CreateOpportunity" name="CreateOpportunity_tc_07_Test" time="46.118"/>
  <testcase classname="com.vtiger.com_opptest.CreateOpportunity" name="CreateOpportunity_tc_08_Test" time="42.715"/>
  <testcase classname="com.vtiger.com_opptest.CreateOpportunity" name="CreateOpportunity_tc_09_Test" time="45.276"/>
</testsuite> <!-- TestRunner-2 -->
