<?xml version="1.0" encoding="UTF-8"?>
<!-- Generated by org.testng.reporters.JUnitXMLReporter -->
<testsuite ignored="2" hostname="Lenovo-G500" failures="0" tests="1" name="Test" time="89.71" errors="0" timestamp="2021-08-24T13:09:33 IST">
  <testcase classname="com.vtiger.com_opptest.CreateOpportunity" name="CreateOpportunity_tc_08_Test" time="61.044"/>
  <testcase classname="com.vtiger.com_opptest.CreateOpportunity" name="CreateOpportunity_tc_09_Test" time="0.0">
    <ignored/>
  </testcase> <!-- CreateOpportunity_tc_09_Test -->
  <testcase classname="com.vtiger.com_opptest.CreateOpportunity" name="CreateOpportunity_tc_07_Test" time="0.0">
    <ignored/>
  </testcase> <!-- CreateOpportunity_tc_07_Test -->
</testsuite> <!-- Test -->
