<?xml version="1.0" encoding="UTF-8"?>
<testng-results ignored="0" total="3" passed="3" failed="0" skipped="0">
  <reporter-output>
  </reporter-output>
  <suite started-at="2021-09-21T12:51:37 IST" name="Default suite" finished-at="2021-09-21T12:51:37 IST" duration-ms="341">
    <groups>
    </groups>
    <test started-at="2021-09-21T12:51:37 IST" name="Default test" finished-at="2021-09-21T12:51:37 IST" duration-ms="341">
      <class name="programs.java.Priority">
        <test-method signature="test2()[pri:-1, instance:programs.java.Priority@7ea9e1e2]" started-at="2021-09-21T12:51:37 IST" name="test2" finished-at="2021-09-21T12:51:37 IST" duration-ms="29" status="PASS">
          <reporter-output>
          </reporter-output>
        </test-method> <!-- test2 -->
        <test-method signature="test1()[pri:0, instance:programs.java.Priority@7ea9e1e2]" started-at="2021-09-21T12:51:37 IST" name="test1" finished-at="2021-09-21T12:51:37 IST" duration-ms="9" status="PASS">
          <reporter-output>
          </reporter-output>
        </test-method> <!-- test1 -->
        <test-method signature="test3()[pri:0, instance:programs.java.Priority@7ea9e1e2]" started-at="2021-09-21T12:51:37 IST" name="test3" finished-at="2021-09-21T12:51:37 IST" duration-ms="14" status="PASS">
          <reporter-output>
          </reporter-output>
        </test-method> <!-- test3 -->
      </class> <!-- programs.java.Priority -->
    </test> <!-- Default test -->
  </suite> <!-- Default suite -->
</testng-results>
